2022-08-10 13:45:36.868 IST [6004] LOG:  database system was shut down at 2022-08-10 13:44:53 IST
2022-08-10 13:45:37.157 IST [5328] LOG:  database system is ready to accept connections
2022-08-10 13:49:36.149 IST [8248] LOG:  could not receive data from client: An existing connection was forcibly closed by the remote host.
	
2022-08-10 14:15:55.243 IST [7936] ERROR:  null value in column "model_id" violates not-null constraint
2022-08-10 14:15:55.243 IST [7936] DETAIL:  Failing row contains (611, dm.contact, t, null, 1, t, t, t, t, 1, 2022-08-10 08:45:54.122529, 1, 2022-08-10 08:45:54.122529).
2022-08-10 14:15:55.243 IST [7936] STATEMENT:  INSERT INTO "ir_model_access" ("id", "active", "create_date", "create_uid", "group_id", "name", "perm_create", "perm_read", "perm_unlink", "perm_write", "write_date", "write_uid") VALUES (nextval('ir_model_access_id_seq'), true, '2022-08-10 08:45:54.122529', 1, 1, 'dm.contact', true, true, true, true, '2022-08-10 08:45:54.122529', 1) RETURNING id
2022-08-10 14:15:55.255 IST [7936] ERROR:  null value in column "model_id" violates not-null constraint
2022-08-10 14:15:55.255 IST [7936] DETAIL:  Failing row contains (612, dm.contact, t, null, 1, t, t, t, t, 1, 2022-08-10 08:45:54.122529, 1, 2022-08-10 08:45:54.122529).
2022-08-10 14:15:55.255 IST [7936] STATEMENT:  INSERT INTO "ir_model_access" ("id", "active", "create_date", "create_uid", "group_id", "name", "perm_create", "perm_read", "perm_unlink", "perm_write", "write_date", "write_uid") VALUES (nextval('ir_model_access_id_seq'), true, '2022-08-10 08:45:54.122529', 1, 1, 'dm.contact', true, true, true, true, '2022-08-10 08:45:54.122529', 1) RETURNING id
2022-08-10 16:21:19.821 IST [9136] LOG:  could not receive data from client: An existing connection was forcibly closed by the remote host.
	
2022-08-10 16:21:34.048 IST [5328] LOG:  received fast shutdown request
2022-08-10 16:21:34.053 IST [5328] LOG:  aborting any active transactions
2022-08-10 16:21:34.067 IST [7744] FATAL:  terminating connection due to administrator command
2022-08-10 16:21:34.068 IST [3808] FATAL:  terminating connection due to administrator command
2022-08-10 16:21:34.069 IST [4656] FATAL:  terminating connection due to administrator command
2022-08-10 16:21:34.075 IST [3592] FATAL:  terminating connection due to administrator command
2022-08-10 16:21:34.087 IST [2300] FATAL:  terminating connection due to administrator command
2022-08-10 16:21:34.088 IST [940] FATAL:  terminating connection due to administrator command
2022-08-10 16:21:34.112 IST [5328] LOG:  background worker "logical replication launcher" (PID 6032) exited with exit code 1
2022-08-10 16:21:34.120 IST [4408] LOG:  shutting down
2022-08-10 16:21:34.129 IST [10620] FATAL:  the database system is shutting down
2022-08-10 16:21:34.172 IST [5328] LOG:  database system is shut down
